<?xml version="1.0" encoding="UTF-8"?>
<!-- Generated by org.testng.reporters.JUnitReportReporter -->
<testsuite hostname="oignatyev" name="com.dataart.selenium.tests.JSTest" tests="1" failures="0" timestamp="4 May 2016 08:35:26 GMT" time="2.488" errors="0">
  <testcase name="WhooHooooCorrect" time="2.488" classname="com.dataart.selenium.tests.JSTest"/>
</testsuite> <!-- com.dataart.selenium.tests.JSTest -->
