<?xml version="1.0" encoding="UTF-8"?>
<!-- Generated by org.testng.reporters.JUnitReportReporter -->
<testsuite hostname="oignatyev" name="com.dataart.selenium.tests.AjaxTest" tests="1" failures="0" timestamp="4 May 2016 08:29:03 GMT" time="6.952" errors="0">
  <testcase name="twoValidNumbers" time="6.952" classname="com.dataart.selenium.tests.AjaxTest"/>
</testsuite> <!-- com.dataart.selenium.tests.AjaxTest -->
