<?xml version="1.0" encoding="UTF-8"?>
<!-- Generated by org.testng.reporters.JUnitReportReporter -->
<testsuite hostname="»гнатьевќлег" name="com.dataart.selenium.tests.AjaxTest" tests="1" failures="0" timestamp="2 May 2016 09:30:19 GMT" time="5.085" errors="0">
  <testcase name="validNumberAndString" time="5.085" classname="com.dataart.selenium.tests.AjaxTest"/>
</testsuite> <!-- com.dataart.selenium.tests.AjaxTest -->
