<?xml version="1.0" encoding="UTF-8"?>
<!-- Generated by org.testng.reporters.JUnitReportReporter -->
<testsuite hostname="oignatyev" name="com.dataart.selenium.tests.LoginTest" tests="1" failures="0" timestamp="4 May 2016 14:49:04 GMT" time="1.667" errors="0">
  <testcase name="correctLoginTest" time="1.667" classname="com.dataart.selenium.tests.LoginTest"/>
</testsuite> <!-- com.dataart.selenium.tests.LoginTest -->
