<?xml version="1.0" encoding="UTF-8"?>
<!-- Generated by org.testng.reporters.JUnitReportReporter -->
<testsuite hostname="oignatyev" name="com.dataart.selenium.tests.RegistrationTest" tests="1" failures="0" timestamp="4 May 2016 14:40:17 GMT" time="1.451" errors="0">
  <testcase name="userCannotUpload" time="1.451" classname="com.dataart.selenium.tests.RegistrationTest"/>
</testsuite> <!-- com.dataart.selenium.tests.RegistrationTest -->
