<?xml version="1.0" encoding="UTF-8"?>
<!-- Generated by org.testng.reporters.JUnitReportReporter -->
<testsuite hostname="oignatyev" name="com.dataart.selenium.tests.RegistrationTest" tests="1" failures="0" timestamp="25 Apr 2016 14:04:37 GMT" time="2.936" errors="0">
  <testcase name="correctLoginTest" time="2.936" classname="com.dataart.selenium.tests.RegistrationTest"/>
</testsuite> <!-- com.dataart.selenium.tests.RegistrationTest -->
