<?xml version="1.0" encoding="UTF-8"?>
<!-- Generated by org.testng.reporters.JUnitReportReporter -->
<testsuite hostname="»гнатьевќлег" name="com.dataart.selenium.tests.ApplicationTest" tests="1" failures="0" timestamp="2 May 2016 13:08:20 GMT" time="8.702" errors="0">
  <testcase name="createNewApplicationWithImagAndIcon" time="8.702" classname="com.dataart.selenium.tests.ApplicationTest"/>
</testsuite> <!-- com.dataart.selenium.tests.ApplicationTest -->
