<?xml version="1.0" encoding="UTF-8"?>
<!-- Generated by org.testng.reporters.JUnitReportReporter -->
<testsuite hostname="»гнатьевќлег" name="com.dataart.selenium.tests.JSTest" tests="1" failures="0" timestamp="3 May 2016 13:29:16 GMT" time="2.103" errors="0">
  <testcase name="WhooHooooCorrect" time="2.103" classname="com.dataart.selenium.tests.JSTest"/>
</testsuite> <!-- com.dataart.selenium.tests.JSTest -->
