<?xml version="1.0" encoding="UTF-8"?>
<!-- Generated by org.testng.reporters.JUnitReportReporter -->
<testsuite hostname="oignatyev" name="com.dataart.selenium.tests.RegistrationTest" tests="1" failures="0" timestamp="27 Apr 2016 11:21:26 GMT" time="8.069" errors="0">
  <testcase name="userCannotUpload" time="8.069" classname="com.dataart.selenium.tests.RegistrationTest"/>
</testsuite> <!-- com.dataart.selenium.tests.RegistrationTest -->
