<?xml version="1.0" encoding="UTF-8"?>
<!-- Generated by org.testng.reporters.JUnitReportReporter -->
<testsuite hostname="oignatyev" name="com.dataart.selenium.tests.ApplicationTest" tests="1" failures="0" timestamp="4 May 2016 13:52:31 GMT" time="2.686" errors="0">
  <testcase name="createNewApplicationWithImagAndIcon" time="2.686" classname="com.dataart.selenium.tests.ApplicationTest"/>
</testsuite> <!-- com.dataart.selenium.tests.ApplicationTest -->
